[debug] [2021-02-19T01:51:11.604Z] ----------------------------------------------------------------------
[debug] [2021-02-19T01:51:11.606Z] Command:       /usr/local/Cellar/node/15.3.0/bin/node /usr/local/bin/firebase emulators:start
[debug] [2021-02-19T01:51:11.606Z] CLI Version:   9.4.0
[debug] [2021-02-19T01:51:11.606Z] Platform:      darwin
[debug] [2021-02-19T01:51:11.606Z] Node Version:  v15.3.0
[debug] [2021-02-19T01:51:11.608Z] Time:          Fri Feb 19 2021 07:21:11 GMT+0530 (India Standard Time)
[debug] [2021-02-19T01:51:11.608Z] ----------------------------------------------------------------------
[debug] [2021-02-19T01:51:11.608Z] 
[debug] [2021-02-19T01:51:11.610Z] >>> [apiv2][query] GET https://firebase-public.firebaseio.com/cli.json [none]
[debug] [2021-02-19T01:51:11.634Z] > command requires scopes: ["email","openid","https://www.googleapis.com/auth/cloudplatformprojects.readonly","https://www.googleapis.com/auth/firebase","https://www.googleapis.com/auth/cloud-platform"]
[debug] [2021-02-19T01:51:11.635Z] > authorizing via signed-in user
[info] i  emulators: Starting emulators: functions, hosting {"metadata":{"emulator":{"name":"hub"},"message":"Starting emulators: functions, hosting"}}
[debug] [2021-02-19T01:51:11.687Z] [hub] writing locator at /var/folders/qx/gbzs7j7137b7x4rz5d9pd1bw0000gn/T/hub-i-comm.json
[warn] ⚠  functions: The following emulators are not running, calls to these services from the Functions emulator will affect production: auth, firestore, database, pubsub {"metadata":{"emulator":{"name":"functions"},"message":"The following emulators are not running, calls to these services from the Functions emulator will affect production: \u001b[1mauth, firestore, database, pubsub\u001b[22m"}}
[warn] ⚠  Your requested "node" version "12" doesn't match your global version "15" {"metadata":{"emulator":{"name":"functions"},"message":"Your requested \"node\" version \"12\" doesn't match your global version \"15\""}}
[debug] [2021-02-19T01:51:11.722Z] defaultcredentials: writing to file /Users/jaikumar/.config/firebase/jaikumar_mnnit_gmail.com_application_default_credentials.json
[debug] [2021-02-19T01:51:11.741Z] Setting GAC to /Users/jaikumar/.config/firebase/jaikumar_mnnit_gmail.com_application_default_credentials.json {"metadata":{"emulator":{"name":"functions"},"message":"Setting GAC to /Users/jaikumar/.config/firebase/jaikumar_mnnit_gmail.com_application_default_credentials.json"}}
[debug] [2021-02-19T01:51:11.743Z] > refreshing access token with scopes: []
[debug] [2021-02-19T01:51:11.743Z] >>> HTTP REQUEST POST https://www.googleapis.com/oauth2/v3/token  
 <request body omitted>
[debug] [2021-02-19T01:51:11.945Z] <<< HTTP RESPONSE 200 {"date":"Fri, 19 Feb 2021 01:51:15 GMT","pragma":"no-cache","cache-control":"no-cache, no-store, max-age=0, must-revalidate","expires":"Mon, 01 Jan 1990 00:00:00 GMT","content-type":"application/json; charset=utf-8","vary":"X-Origin, Referer, Origin,Accept-Encoding","server":"scaffolding on HTTPServer2","x-xss-protection":"0","x-frame-options":"SAMEORIGIN","x-content-type-options":"nosniff","alt-svc":"h3-29=\":443\"; ma=2592000,h3-T051=\":443\"; ma=2592000,h3-Q050=\":443\"; ma=2592000,h3-Q046=\":443\"; ma=2592000,h3-Q043=\":443\"; ma=2592000,quic=\":443\"; ma=2592000; v=\"46,43\"","accept-ranges":"none","transfer-encoding":"chunked"}
[debug] [2021-02-19T01:51:11.963Z] >>> [apiv2][query] GET https://firebase.googleapis.com/v1beta1/projects/i-comm/adminSdkConfig [none]
[debug] [2021-02-19T01:51:12.573Z] <<< [apiv2][status] GET https://firebase-public.firebaseio.com/cli.json 200
[debug] [2021-02-19T01:51:12.573Z] <<< [apiv2][body] GET https://firebase-public.firebaseio.com/cli.json {"cloudBuildErrorAfter":1594252800000,"cloudBuildWarnAfter":1590019200000,"defaultNode10After":1594252800000,"minVersion":"3.0.5","node8DeploysDisabledAfter":1613390400000,"node8RuntimeDisabledAfter":1615809600000,"node8WarnAfter":1600128000000}
[debug] [2021-02-19T01:51:12.673Z] <<< [apiv2][status] GET https://firebase.googleapis.com/v1beta1/projects/i-comm/adminSdkConfig 200
[debug] [2021-02-19T01:51:12.673Z] <<< [apiv2][body] GET https://firebase.googleapis.com/v1beta1/projects/i-comm/adminSdkConfig {"projectId":"i-comm","storageBucket":"i-comm.appspot.com","locationId":"us-central"}
[debug] [2021-02-19T01:51:12.693Z] >>> [apiv2][query] GET https://firebase.googleapis.com/v1beta1/projects/i-comm/webApps/-/config [none]
[debug] [2021-02-19T01:51:13.868Z] <<< [apiv2][status] GET https://firebase.googleapis.com/v1beta1/projects/i-comm/webApps/-/config 200
[debug] [2021-02-19T01:51:13.868Z] <<< [apiv2][body] GET https://firebase.googleapis.com/v1beta1/projects/i-comm/webApps/-/config {"projectId":"i-comm","appId":"1:577326526289:web:59b9a7eba8b6faba5cad70","storageBucket":"i-comm.appspot.com","locationId":"us-central","apiKey":"AIzaSyBMfgP5H9gEjgoPVht939LHXmW48eLdebI","authDomain":"i-comm.firebaseapp.com","messagingSenderId":"577326526289","measurementId":"G-SM62V22N4Q"}
[info] i  hosting: Serving hosting files from: build {"metadata":{"emulator":{"name":"hosting"},"message":"Serving hosting files from: \u001b[1mbuild\u001b[22m"}}
[info] ✔  hosting: Local server: http://localhost:5000 {"metadata":{"emulator":{"name":"hosting"},"message":"Local server: \u001b[4m\u001b[1mhttp://localhost:5000\u001b[22m\u001b[24m"}}
[debug] [2021-02-19T01:51:13.924Z] Ignoring unsupported arg: auto_download {"metadata":{"emulator":{"name":"ui"},"message":"Ignoring unsupported arg: auto_download"}}
[debug] [2021-02-19T01:51:13.924Z] Ignoring unsupported arg: port {"metadata":{"emulator":{"name":"ui"},"message":"Ignoring unsupported arg: port"}}
[debug] [2021-02-19T01:51:13.924Z] Starting Emulator UI with command {"binary":"node","args":["/Users/jaikumar/.cache/firebase/emulators/ui-v1.4.1/server.bundle.js"],"optionalArgs":[],"joinArgs":false} {"metadata":{"emulator":{"name":"ui"},"message":"Starting Emulator UI with command {\"binary\":\"node\",\"args\":[\"/Users/jaikumar/.cache/firebase/emulators/ui-v1.4.1/server.bundle.js\"],\"optionalArgs\":[],\"joinArgs\":false}"}}
[info] i  ui: Emulator UI logging to ui-debug.log {"metadata":{"emulator":{"name":"ui"},"message":"Emulator UI logging to \u001b[1mui-debug.log\u001b[22m"}}
[debug] [2021-02-19T01:51:14.059Z] Web / API server started at http://localhost:4000
 {"metadata":{"emulator":{"name":"ui"},"message":"Web / API server started at http://localhost:4000\n"}}
[info] i  functions: Watching "/Users/jaikumar/Test/i-comm/functions" for Cloud Functions... {"metadata":{"emulator":{"name":"functions"},"message":"Watching \"/Users/jaikumar/Test/i-comm/functions\" for Cloud Functions..."}}
[debug] [2021-02-19T01:51:14.231Z] [worker-pool] addWorker(~diagnostic~) {"metadata":{"emulator":{"name":"functions"},"message":"[worker-pool] addWorker(~diagnostic~)"}}
[debug] [2021-02-19T01:51:14.231Z] [worker-pool] Adding worker with key ~diagnostic~, total=1 {"metadata":{"emulator":{"name":"functions"},"message":"[worker-pool] Adding worker with key ~diagnostic~, total=1"}}
[debug] [2021-02-19T01:51:14.231Z] [worker-pool] submitWork(triggerId=) {"metadata":{"emulator":{"name":"functions"},"message":"[worker-pool] submitWork(triggerId=)"}}
[debug] [2021-02-19T01:51:14.232Z] [worker-~diagnostic~-b0f37491-9c77-4f85-98bb-3a8e96a4e695]: Assigning socketPath: /var/folders/qx/gbzs7j7137b7x4rz5d9pd1bw0000gn/T/fire_emu_68250.sock {"metadata":{"emulator":{"name":"functions"},"message":"[worker-~diagnostic~-b0f37491-9c77-4f85-98bb-3a8e96a4e695]: Assigning socketPath: /var/folders/qx/gbzs7j7137b7x4rz5d9pd1bw0000gn/T/fire_emu_68250.sock"}}
[debug] [2021-02-19T01:51:14.232Z] [worker-~diagnostic~-b0f37491-9c77-4f85-98bb-3a8e96a4e695]: BUSY {"metadata":{"emulator":{"name":"functions"},"message":"[worker-~diagnostic~-b0f37491-9c77-4f85-98bb-3a8e96a4e695]: BUSY"}}
[debug] [2021-02-19T01:51:14.531Z] [runtime-status] [68250] Functions runtime initialized. {"cwd":"/Users/jaikumar/Test/i-comm/functions","node_version":"15.3.0"} {"metadata":{"emulator":{"name":"functions"},"message":"[runtime-status] [68250] Functions runtime initialized. {\"cwd\":\"/Users/jaikumar/Test/i-comm/functions\",\"node_version\":\"15.3.0\"}"}}
[debug] [2021-02-19T01:51:14.531Z] [runtime-status] [68250] Disabled runtime features: undefined {"metadata":{"emulator":{"name":"functions"},"message":"[runtime-status] [68250] Disabled runtime features: undefined"}}
[debug] [2021-02-19T01:51:14.542Z] [runtime-status] [68250] Resolved module firebase-admin {"declared":true,"installed":true,"version":"9.5.0","resolution":"/Users/jaikumar/Test/i-comm/functions/node_modules/firebase-admin/lib/index.js"} {"metadata":{"emulator":{"name":"functions"},"message":"[runtime-status] [68250] Resolved module firebase-admin {\"declared\":true,\"installed\":true,\"version\":\"9.5.0\",\"resolution\":\"/Users/jaikumar/Test/i-comm/functions/node_modules/firebase-admin/lib/index.js\"}"}}
[debug] [2021-02-19T01:51:14.547Z] [runtime-status] [68250] Resolved module firebase-functions {"declared":true,"installed":true,"version":"3.13.1","resolution":"/Users/jaikumar/Test/i-comm/functions/node_modules/firebase-functions/lib/index.js"} {"metadata":{"emulator":{"name":"functions"},"message":"[runtime-status] [68250] Resolved module firebase-functions {\"declared\":true,\"installed\":true,\"version\":\"3.13.1\",\"resolution\":\"/Users/jaikumar/Test/i-comm/functions/node_modules/firebase-functions/lib/index.js\"}"}}
[debug] [2021-02-19T01:51:14.549Z] [runtime-status] [68250] Resolved module firebase-functions {"declared":true,"installed":true,"version":"3.13.1","resolution":"/Users/jaikumar/Test/i-comm/functions/node_modules/firebase-functions/lib/index.js"} {"metadata":{"emulator":{"name":"functions"},"message":"[runtime-status] [68250] Resolved module firebase-functions {\"declared\":true,\"installed\":true,\"version\":\"3.13.1\",\"resolution\":\"/Users/jaikumar/Test/i-comm/functions/node_modules/firebase-functions/lib/index.js\"}"}}
[debug] [2021-02-19T01:51:14.555Z] [runtime-status] [68250] Outgoing network have been stubbed. [{"name":"http","status":"mocked"},{"name":"http","status":"mocked"},{"name":"https","status":"mocked"},{"name":"https","status":"mocked"},{"name":"net","status":"mocked"}] {"metadata":{"emulator":{"name":"functions"},"message":"[runtime-status] [68250] Outgoing network have been stubbed. [{\"name\":\"http\",\"status\":\"mocked\"},{\"name\":\"http\",\"status\":\"mocked\"},{\"name\":\"https\",\"status\":\"mocked\"},{\"name\":\"https\",\"status\":\"mocked\"},{\"name\":\"net\",\"status\":\"mocked\"}]"}}
[debug] [2021-02-19T01:51:14.556Z] [runtime-status] [68250] Resolved module firebase-functions {"declared":true,"installed":true,"version":"3.13.1","resolution":"/Users/jaikumar/Test/i-comm/functions/node_modules/firebase-functions/lib/index.js"} {"metadata":{"emulator":{"name":"functions"},"message":"[runtime-status] [68250] Resolved module firebase-functions {\"declared\":true,\"installed\":true,\"version\":\"3.13.1\",\"resolution\":\"/Users/jaikumar/Test/i-comm/functions/node_modules/firebase-functions/lib/index.js\"}"}}
[debug] [2021-02-19T01:51:14.638Z] [runtime-status] [68250] Checked functions.config() {"config":{}} {"metadata":{"emulator":{"name":"functions"},"message":"[runtime-status] [68250] Checked functions.config() {\"config\":{}}"}}
[debug] [2021-02-19T01:51:14.638Z] [runtime-status] [68250] firebase-functions has been stubbed. {"functionsResolution":{"declared":true,"installed":true,"version":"3.13.1","resolution":"/Users/jaikumar/Test/i-comm/functions/node_modules/firebase-functions/lib/index.js"}} {"metadata":{"emulator":{"name":"functions"},"message":"[runtime-status] [68250] firebase-functions has been stubbed. {\"functionsResolution\":{\"declared\":true,\"installed\":true,\"version\":\"3.13.1\",\"resolution\":\"/Users/jaikumar/Test/i-comm/functions/node_modules/firebase-functions/lib/index.js\"}}"}}
[debug] [2021-02-19T01:51:14.638Z] [runtime-status] [68250] Resolved module firebase-functions {"declared":true,"installed":true,"version":"3.13.1","resolution":"/Users/jaikumar/Test/i-comm/functions/node_modules/firebase-functions/lib/index.js"} {"metadata":{"emulator":{"name":"functions"},"message":"[runtime-status] [68250] Resolved module firebase-functions {\"declared\":true,\"installed\":true,\"version\":\"3.13.1\",\"resolution\":\"/Users/jaikumar/Test/i-comm/functions/node_modules/firebase-functions/lib/index.js\"}"}}
[debug] [2021-02-19T01:51:14.638Z] [runtime-status] [68250] Resolved module firebase-admin {"declared":true,"installed":true,"version":"9.5.0","resolution":"/Users/jaikumar/Test/i-comm/functions/node_modules/firebase-admin/lib/index.js"} {"metadata":{"emulator":{"name":"functions"},"message":"[runtime-status] [68250] Resolved module firebase-admin {\"declared\":true,\"installed\":true,\"version\":\"9.5.0\",\"resolution\":\"/Users/jaikumar/Test/i-comm/functions/node_modules/firebase-admin/lib/index.js\"}"}}
[debug] [2021-02-19T01:51:14.638Z] [runtime-status] [68250] Resolved module firebase-functions {"declared":true,"installed":true,"version":"3.13.1","resolution":"/Users/jaikumar/Test/i-comm/functions/node_modules/firebase-functions/lib/index.js"} {"metadata":{"emulator":{"name":"functions"},"message":"[runtime-status] [68250] Resolved module firebase-functions {\"declared\":true,\"installed\":true,\"version\":\"3.13.1\",\"resolution\":\"/Users/jaikumar/Test/i-comm/functions/node_modules/firebase-functions/lib/index.js\"}"}}
[debug] [2021-02-19T01:51:14.638Z] [runtime-status] [68250] firebase-admin has been stubbed. {"adminResolution":{"declared":true,"installed":true,"version":"9.5.0","resolution":"/Users/jaikumar/Test/i-comm/functions/node_modules/firebase-admin/lib/index.js"}} {"metadata":{"emulator":{"name":"functions"},"message":"[runtime-status] [68250] firebase-admin has been stubbed. {\"adminResolution\":{\"declared\":true,\"installed\":true,\"version\":\"9.5.0\",\"resolution\":\"/Users/jaikumar/Test/i-comm/functions/node_modules/firebase-admin/lib/index.js\"}}"}}
[info] ✔  functions[api]: http function initialized (http://localhost:5001/i-comm/us-central1/api). {"metadata":{"emulator":{"name":"functions"},"message":"\u001b[1mhttp\u001b[22m function initialized (http://localhost:5001/i-comm/us-central1/api)."}}
[info] 
┌─────────────────────────────────────────────────────────────┐
│ ✔  All emulators ready! It is now safe to connect your app. │
│ i  View Emulator UI at http://localhost:4000                │
└─────────────────────────────────────────────────────────────┘

┌───────────┬────────────────┬─────────────────────────────────┐
│ Emulator  │ Host:Port      │ View in Emulator UI             │
├───────────┼────────────────┼─────────────────────────────────┤
│ Functions │ localhost:5001 │ http://localhost:4000/functions │
├───────────┼────────────────┼─────────────────────────────────┤
│ Hosting   │ localhost:5000 │ n/a                             │
└───────────┴────────────────┴─────────────────────────────────┘
  Emulator Hub running at localhost:4400
  Other reserved ports: 4500

Issues? Report them at https://github.com/firebase/firebase-tools/issues and attach the *-debug.log files.
 
[debug] [2021-02-19T01:51:14.937Z] [worker-~diagnostic~-b0f37491-9c77-4f85-98bb-3a8e96a4e695]: IDLE {"metadata":{"emulator":{"name":"functions"},"message":"[worker-~diagnostic~-b0f37491-9c77-4f85-98bb-3a8e96a4e695]: IDLE"}}
[debug] [2021-02-19T01:55:30.749Z] [work-queue] {"queueLength":1,"workRunningCount":0}
[debug] [2021-02-19T01:55:30.749Z] [work-queue] {"queueLength":0,"workRunningCount":1}
[debug] [2021-02-19T01:55:30.749Z] Accepted request POST /i-comm/us-central1/api/payments/create?total=552415 --> api
[debug] [2021-02-19T01:55:30.770Z] [worker-pool] addWorker(api) {"metadata":{"emulator":{"name":"functions"},"message":"[worker-pool] addWorker(api)"}}
[debug] [2021-02-19T01:55:30.771Z] [worker-pool] Adding worker with key api, total=1 {"metadata":{"emulator":{"name":"functions"},"message":"[worker-pool] Adding worker with key api, total=1"}}
[debug] [2021-02-19T01:55:30.771Z] [worker-pool] submitWork(triggerId=api) {"metadata":{"emulator":{"name":"functions"},"message":"[worker-pool] submitWork(triggerId=api)"}}
[debug] [2021-02-19T01:55:30.771Z] [worker-api-04a9e18c-f791-4aed-9f1a-4f9c1e1cbe23]: Assigning socketPath: /var/folders/qx/gbzs7j7137b7x4rz5d9pd1bw0000gn/T/fire_emu_68663.sock {"metadata":{"emulator":{"name":"functions"},"message":"[worker-api-04a9e18c-f791-4aed-9f1a-4f9c1e1cbe23]: Assigning socketPath: /var/folders/qx/gbzs7j7137b7x4rz5d9pd1bw0000gn/T/fire_emu_68663.sock"}}
[debug] [2021-02-19T01:55:30.771Z] [worker-api-04a9e18c-f791-4aed-9f1a-4f9c1e1cbe23]: BUSY {"metadata":{"emulator":{"name":"functions"},"message":"[worker-api-04a9e18c-f791-4aed-9f1a-4f9c1e1cbe23]: BUSY"}}
[debug] [2021-02-19T01:55:31.184Z] [runtime-status] [68663] Functions runtime initialized. {"cwd":"/Users/jaikumar/Test/i-comm/functions","node_version":"15.3.0"} {"metadata":{"emulator":{"name":"functions"},"function":{"name":"api"},"message":"[runtime-status] [68663] Functions runtime initialized. {\"cwd\":\"/Users/jaikumar/Test/i-comm/functions\",\"node_version\":\"15.3.0\"}"}}
[debug] [2021-02-19T01:55:31.196Z] [runtime-status] [68663] Disabled runtime features: undefined {"metadata":{"emulator":{"name":"functions"},"function":{"name":"api"},"message":"[runtime-status] [68663] Disabled runtime features: undefined"}}
[debug] [2021-02-19T01:55:31.200Z] [runtime-status] [68663] Resolved module firebase-admin {"declared":true,"installed":true,"version":"9.5.0","resolution":"/Users/jaikumar/Test/i-comm/functions/node_modules/firebase-admin/lib/index.js"} {"metadata":{"emulator":{"name":"functions"},"function":{"name":"api"},"message":"[runtime-status] [68663] Resolved module firebase-admin {\"declared\":true,\"installed\":true,\"version\":\"9.5.0\",\"resolution\":\"/Users/jaikumar/Test/i-comm/functions/node_modules/firebase-admin/lib/index.js\"}"}}
[debug] [2021-02-19T01:55:31.207Z] [runtime-status] [68663] Resolved module firebase-functions {"declared":true,"installed":true,"version":"3.13.1","resolution":"/Users/jaikumar/Test/i-comm/functions/node_modules/firebase-functions/lib/index.js"} {"metadata":{"emulator":{"name":"functions"},"function":{"name":"api"},"message":"[runtime-status] [68663] Resolved module firebase-functions {\"declared\":true,\"installed\":true,\"version\":\"3.13.1\",\"resolution\":\"/Users/jaikumar/Test/i-comm/functions/node_modules/firebase-functions/lib/index.js\"}"}}
[debug] [2021-02-19T01:55:31.215Z] [runtime-status] [68663] Resolved module firebase-functions {"declared":true,"installed":true,"version":"3.13.1","resolution":"/Users/jaikumar/Test/i-comm/functions/node_modules/firebase-functions/lib/index.js"} {"metadata":{"emulator":{"name":"functions"},"function":{"name":"api"},"message":"[runtime-status] [68663] Resolved module firebase-functions {\"declared\":true,\"installed\":true,\"version\":\"3.13.1\",\"resolution\":\"/Users/jaikumar/Test/i-comm/functions/node_modules/firebase-functions/lib/index.js\"}"}}
[debug] [2021-02-19T01:55:31.222Z] [runtime-status] [68663] Outgoing network have been stubbed. [{"name":"http","status":"mocked"},{"name":"http","status":"mocked"},{"name":"https","status":"mocked"},{"name":"https","status":"mocked"},{"name":"net","status":"mocked"}] {"metadata":{"emulator":{"name":"functions"},"function":{"name":"api"},"message":"[runtime-status] [68663] Outgoing network have been stubbed. [{\"name\":\"http\",\"status\":\"mocked\"},{\"name\":\"http\",\"status\":\"mocked\"},{\"name\":\"https\",\"status\":\"mocked\"},{\"name\":\"https\",\"status\":\"mocked\"},{\"name\":\"net\",\"status\":\"mocked\"}]"}}
[debug] [2021-02-19T01:55:31.223Z] [runtime-status] [68663] Resolved module firebase-functions {"declared":true,"installed":true,"version":"3.13.1","resolution":"/Users/jaikumar/Test/i-comm/functions/node_modules/firebase-functions/lib/index.js"} {"metadata":{"emulator":{"name":"functions"},"function":{"name":"api"},"message":"[runtime-status] [68663] Resolved module firebase-functions {\"declared\":true,\"installed\":true,\"version\":\"3.13.1\",\"resolution\":\"/Users/jaikumar/Test/i-comm/functions/node_modules/firebase-functions/lib/index.js\"}"}}
[debug] [2021-02-19T01:55:31.447Z] [runtime-status] [68663] Checked functions.config() {"config":{}} {"metadata":{"emulator":{"name":"functions"},"function":{"name":"api"},"message":"[runtime-status] [68663] Checked functions.config() {\"config\":{}}"}}
[debug] [2021-02-19T01:55:31.448Z] [runtime-status] [68663] firebase-functions has been stubbed. {"functionsResolution":{"declared":true,"installed":true,"version":"3.13.1","resolution":"/Users/jaikumar/Test/i-comm/functions/node_modules/firebase-functions/lib/index.js"}} {"metadata":{"emulator":{"name":"functions"},"function":{"name":"api"},"message":"[runtime-status] [68663] firebase-functions has been stubbed. {\"functionsResolution\":{\"declared\":true,\"installed\":true,\"version\":\"3.13.1\",\"resolution\":\"/Users/jaikumar/Test/i-comm/functions/node_modules/firebase-functions/lib/index.js\"}}"}}
[debug] [2021-02-19T01:55:31.450Z] [runtime-status] [68663] Resolved module firebase-functions {"declared":true,"installed":true,"version":"3.13.1","resolution":"/Users/jaikumar/Test/i-comm/functions/node_modules/firebase-functions/lib/index.js"} {"metadata":{"emulator":{"name":"functions"},"function":{"name":"api"},"message":"[runtime-status] [68663] Resolved module firebase-functions {\"declared\":true,\"installed\":true,\"version\":\"3.13.1\",\"resolution\":\"/Users/jaikumar/Test/i-comm/functions/node_modules/firebase-functions/lib/index.js\"}"}}
[debug] [2021-02-19T01:55:31.451Z] [runtime-status] [68663] Resolved module firebase-admin {"declared":true,"installed":true,"version":"9.5.0","resolution":"/Users/jaikumar/Test/i-comm/functions/node_modules/firebase-admin/lib/index.js"} {"metadata":{"emulator":{"name":"functions"},"function":{"name":"api"},"message":"[runtime-status] [68663] Resolved module firebase-admin {\"declared\":true,\"installed\":true,\"version\":\"9.5.0\",\"resolution\":\"/Users/jaikumar/Test/i-comm/functions/node_modules/firebase-admin/lib/index.js\"}"}}
[debug] [2021-02-19T01:55:31.451Z] [runtime-status] [68663] Resolved module firebase-functions {"declared":true,"installed":true,"version":"3.13.1","resolution":"/Users/jaikumar/Test/i-comm/functions/node_modules/firebase-functions/lib/index.js"} {"metadata":{"emulator":{"name":"functions"},"function":{"name":"api"},"message":"[runtime-status] [68663] Resolved module firebase-functions {\"declared\":true,\"installed\":true,\"version\":\"3.13.1\",\"resolution\":\"/Users/jaikumar/Test/i-comm/functions/node_modules/firebase-functions/lib/index.js\"}"}}
[debug] [2021-02-19T01:55:31.452Z] [runtime-status] [68663] firebase-admin has been stubbed. {"adminResolution":{"declared":true,"installed":true,"version":"9.5.0","resolution":"/Users/jaikumar/Test/i-comm/functions/node_modules/firebase-admin/lib/index.js"}} {"metadata":{"emulator":{"name":"functions"},"function":{"name":"api"},"message":"[runtime-status] [68663] firebase-admin has been stubbed. {\"adminResolution\":{\"declared\":true,\"installed\":true,\"version\":\"9.5.0\",\"resolution\":\"/Users/jaikumar/Test/i-comm/functions/node_modules/firebase-admin/lib/index.js\"}}"}}
[debug] [2021-02-19T01:55:31.752Z] [runtime-status] [68663] Trigger "api" has been found, beginning invocation! {"metadata":{"emulator":{"name":"functions"},"function":{"name":"api"},"message":"[runtime-status] [68663] Trigger \"api\" has been found, beginning invocation!"}}
[info] i  functions: Beginning execution of "api" {"metadata":{"emulator":{"name":"functions"},"function":{"name":"api"},"message":"Beginning execution of \"api\""}}
[debug] [2021-02-19T01:55:31.753Z] [runtime-status] [68663] triggerDefinition {"httpsTrigger":{},"name":"api","entryPoint":"api"} {"metadata":{"emulator":{"name":"functions"},"function":{"name":"api"},"message":"[runtime-status] [68663] triggerDefinition {\"httpsTrigger\":{},\"name\":\"api\",\"entryPoint\":\"api\"}"}}
[debug] [2021-02-19T01:55:31.753Z] [runtime-status] [68663] Running api in mode HTTPS {"metadata":{"emulator":{"name":"functions"},"function":{"name":"api"},"message":"[runtime-status] [68663] Running api in mode HTTPS"}}
[debug] [2021-02-19T01:55:31.781Z] [runtime-status] [68663] Attempting to listen to socketPath: /var/folders/qx/gbzs7j7137b7x4rz5d9pd1bw0000gn/T/fire_emu_68663.sock {"metadata":{"emulator":{"name":"functions"},"function":{"name":"api"},"message":"[runtime-status] [68663] Attempting to listen to socketPath: /var/folders/qx/gbzs7j7137b7x4rz5d9pd1bw0000gn/T/fire_emu_68663.sock"}}
[debug] [2021-02-19T01:55:31.787Z] [functions] Runtime ready! Sending request! {"metadata":{"emulator":{"name":"functions"},"message":"[functions] Runtime ready! Sending request!"}}
[debug] [2021-02-19T01:55:31.789Z] [functions] Got req.url=/i-comm/us-central1/api/payments/create?total=552415, mapping to path=/payments/create?total=552415 {"metadata":{"emulator":{"name":"functions"},"message":"[functions] Got req.url=/i-comm/us-central1/api/payments/create?total=552415, mapping to path=/payments/create?total=552415"}}
[debug] [2021-02-19T01:55:31.816Z] [runtime-status] [68663] Ephemeral server handling POST request {"metadata":{"emulator":{"name":"functions"},"function":{"name":"api"},"message":"[runtime-status] [68663] Ephemeral server handling POST request"}}
[info] >  Payment Request Recieved for amount:  552415 {"user":"Payment Request Recieved for amount:  552415","metadata":{"emulator":{"name":"functions"},"function":{"name":"api"},"message":"\u001b[90m> \u001b[39m Payment Request Recieved for amount:  552415"}}
[debug] [2021-02-19T01:55:31.868Z] [runtime-status] [68663] Ephemeral server survived. {"metadata":{"emulator":{"name":"functions"},"function":{"name":"api"},"message":"[runtime-status] [68663] Ephemeral server survived."}}
[info] i  functions: Finished "api" in ~1s {"metadata":{"emulator":{"name":"functions"},"function":{"name":"api"},"message":"Finished \"api\" in ~1s"}}
[debug] [2021-02-19T01:55:32.820Z] [worker-api-04a9e18c-f791-4aed-9f1a-4f9c1e1cbe23]: IDLE {"metadata":{"emulator":{"name":"functions"},"message":"[worker-api-04a9e18c-f791-4aed-9f1a-4f9c1e1cbe23]: IDLE"}}
[debug] [2021-02-19T01:55:32.820Z] [work-queue] {"queueLength":0,"workRunningCount":0}
[debug] [2021-02-19T01:56:44.192Z] [work-queue] {"queueLength":1,"workRunningCount":0}
[debug] [2021-02-19T01:56:44.195Z] [work-queue] {"queueLength":0,"workRunningCount":1}
[debug] [2021-02-19T01:56:44.195Z] Accepted request POST /i-comm/us-central1/api/payments/create?total=552415 --> api
[debug] [2021-02-19T01:56:44.195Z] [worker-pool] submitWork(triggerId=api) {"metadata":{"emulator":{"name":"functions"},"message":"[worker-pool] submitWork(triggerId=api)"}}
[debug] [2021-02-19T01:56:44.195Z] [worker-api-04a9e18c-f791-4aed-9f1a-4f9c1e1cbe23]: Assigning socketPath: /var/folders/qx/gbzs7j7137b7x4rz5d9pd1bw0000gn/T/fire_emu_68663.sock {"metadata":{"emulator":{"name":"functions"},"message":"[worker-api-04a9e18c-f791-4aed-9f1a-4f9c1e1cbe23]: Assigning socketPath: /var/folders/qx/gbzs7j7137b7x4rz5d9pd1bw0000gn/T/fire_emu_68663.sock"}}
[debug] [2021-02-19T01:56:44.195Z] [worker-api-04a9e18c-f791-4aed-9f1a-4f9c1e1cbe23]: BUSY {"metadata":{"emulator":{"name":"functions"},"message":"[worker-api-04a9e18c-f791-4aed-9f1a-4f9c1e1cbe23]: BUSY"}}
[debug] [2021-02-19T01:56:44.196Z] [runtime-status] [68663] Trigger "api" has been found, beginning invocation! {"metadata":{"emulator":{"name":"functions"},"function":{"name":"api"},"message":"[runtime-status] [68663] Trigger \"api\" has been found, beginning invocation!"}}
[info] i  functions: Beginning execution of "api" {"metadata":{"emulator":{"name":"functions"},"function":{"name":"api"},"message":"Beginning execution of \"api\""}}
[debug] [2021-02-19T01:56:44.197Z] [runtime-status] [68663] triggerDefinition {"httpsTrigger":{},"name":"api","entryPoint":"api"} {"metadata":{"emulator":{"name":"functions"},"function":{"name":"api"},"message":"[runtime-status] [68663] triggerDefinition {\"httpsTrigger\":{},\"name\":\"api\",\"entryPoint\":\"api\"}"}}
[debug] [2021-02-19T01:56:44.197Z] [runtime-status] [68663] Running api in mode HTTPS {"metadata":{"emulator":{"name":"functions"},"function":{"name":"api"},"message":"[runtime-status] [68663] Running api in mode HTTPS"}}
[debug] [2021-02-19T01:56:44.197Z] [runtime-status] [68663] Attempting to listen to socketPath: /var/folders/qx/gbzs7j7137b7x4rz5d9pd1bw0000gn/T/fire_emu_68663.sock {"metadata":{"emulator":{"name":"functions"},"function":{"name":"api"},"message":"[runtime-status] [68663] Attempting to listen to socketPath: /var/folders/qx/gbzs7j7137b7x4rz5d9pd1bw0000gn/T/fire_emu_68663.sock"}}
[debug] [2021-02-19T01:56:44.198Z] [functions] Runtime ready! Sending request! {"metadata":{"emulator":{"name":"functions"},"message":"[functions] Runtime ready! Sending request!"}}
[debug] [2021-02-19T01:56:44.198Z] [functions] Got req.url=/i-comm/us-central1/api/payments/create?total=552415, mapping to path=/payments/create?total=552415 {"metadata":{"emulator":{"name":"functions"},"message":"[functions] Got req.url=/i-comm/us-central1/api/payments/create?total=552415, mapping to path=/payments/create?total=552415"}}
[debug] [2021-02-19T01:56:44.200Z] [runtime-status] [68663] Ephemeral server handling POST request {"metadata":{"emulator":{"name":"functions"},"function":{"name":"api"},"message":"[runtime-status] [68663] Ephemeral server handling POST request"}}
[info] >  Payment Request Recieved for amount:  552415 {"user":"Payment Request Recieved for amount:  552415","metadata":{"emulator":{"name":"functions"},"function":{"name":"api"},"message":"\u001b[90m> \u001b[39m Payment Request Recieved for amount:  552415"}}
[debug] [2021-02-19T01:56:44.202Z] [runtime-status] [68663] Ephemeral server survived. {"metadata":{"emulator":{"name":"functions"},"function":{"name":"api"},"message":"[runtime-status] [68663] Ephemeral server survived."}}
[info] i  functions: Finished "api" in ~1s {"metadata":{"emulator":{"name":"functions"},"function":{"name":"api"},"message":"Finished \"api\" in ~1s"}}
[debug] [2021-02-19T01:56:44.694Z] [worker-api-04a9e18c-f791-4aed-9f1a-4f9c1e1cbe23]: IDLE {"metadata":{"emulator":{"name":"functions"},"message":"[worker-api-04a9e18c-f791-4aed-9f1a-4f9c1e1cbe23]: IDLE"}}
[debug] [2021-02-19T01:56:44.694Z] [work-queue] {"queueLength":0,"workRunningCount":0}
[debug] [2021-02-19T01:56:53.988Z] [work-queue] {"queueLength":1,"workRunningCount":0}
[debug] [2021-02-19T01:56:53.988Z] [work-queue] {"queueLength":0,"workRunningCount":1}
[debug] [2021-02-19T01:56:53.988Z] Accepted request POST /i-comm/us-central1/api/payments/create?total=552415 --> api
[debug] [2021-02-19T01:56:53.988Z] [worker-pool] submitWork(triggerId=api) {"metadata":{"emulator":{"name":"functions"},"message":"[worker-pool] submitWork(triggerId=api)"}}
[debug] [2021-02-19T01:56:53.989Z] [worker-api-04a9e18c-f791-4aed-9f1a-4f9c1e1cbe23]: Assigning socketPath: /var/folders/qx/gbzs7j7137b7x4rz5d9pd1bw0000gn/T/fire_emu_68663.sock {"metadata":{"emulator":{"name":"functions"},"message":"[worker-api-04a9e18c-f791-4aed-9f1a-4f9c1e1cbe23]: Assigning socketPath: /var/folders/qx/gbzs7j7137b7x4rz5d9pd1bw0000gn/T/fire_emu_68663.sock"}}
[debug] [2021-02-19T01:56:53.989Z] [worker-api-04a9e18c-f791-4aed-9f1a-4f9c1e1cbe23]: BUSY {"metadata":{"emulator":{"name":"functions"},"message":"[worker-api-04a9e18c-f791-4aed-9f1a-4f9c1e1cbe23]: BUSY"}}
[debug] [2021-02-19T01:56:53.994Z] [runtime-status] [68663] Trigger "api" has been found, beginning invocation! {"metadata":{"emulator":{"name":"functions"},"function":{"name":"api"},"message":"[runtime-status] [68663] Trigger \"api\" has been found, beginning invocation!"}}
[info] i  functions: Beginning execution of "api" {"metadata":{"emulator":{"name":"functions"},"function":{"name":"api"},"message":"Beginning execution of \"api\""}}
[debug] [2021-02-19T01:56:53.994Z] [runtime-status] [68663] triggerDefinition {"httpsTrigger":{},"name":"api","entryPoint":"api"} {"metadata":{"emulator":{"name":"functions"},"function":{"name":"api"},"message":"[runtime-status] [68663] triggerDefinition {\"httpsTrigger\":{},\"name\":\"api\",\"entryPoint\":\"api\"}"}}
[debug] [2021-02-19T01:56:53.994Z] [runtime-status] [68663] Running api in mode HTTPS {"metadata":{"emulator":{"name":"functions"},"function":{"name":"api"},"message":"[runtime-status] [68663] Running api in mode HTTPS"}}
[debug] [2021-02-19T01:56:53.994Z] [runtime-status] [68663] Attempting to listen to socketPath: /var/folders/qx/gbzs7j7137b7x4rz5d9pd1bw0000gn/T/fire_emu_68663.sock {"metadata":{"emulator":{"name":"functions"},"function":{"name":"api"},"message":"[runtime-status] [68663] Attempting to listen to socketPath: /var/folders/qx/gbzs7j7137b7x4rz5d9pd1bw0000gn/T/fire_emu_68663.sock"}}
[debug] [2021-02-19T01:56:53.995Z] [functions] Runtime ready! Sending request! {"metadata":{"emulator":{"name":"functions"},"message":"[functions] Runtime ready! Sending request!"}}
[debug] [2021-02-19T01:56:53.995Z] [functions] Got req.url=/i-comm/us-central1/api/payments/create?total=552415, mapping to path=/payments/create?total=552415 {"metadata":{"emulator":{"name":"functions"},"message":"[functions] Got req.url=/i-comm/us-central1/api/payments/create?total=552415, mapping to path=/payments/create?total=552415"}}
[debug] [2021-02-19T01:56:54.001Z] [runtime-status] [68663] Ephemeral server handling POST request {"metadata":{"emulator":{"name":"functions"},"function":{"name":"api"},"message":"[runtime-status] [68663] Ephemeral server handling POST request"}}
[debug] [2021-02-19T01:56:54.002Z] [runtime-status] [68663] Ephemeral server survived. {"metadata":{"emulator":{"name":"functions"},"function":{"name":"api"},"message":"[runtime-status] [68663] Ephemeral server survived."}}
[info] >  Payment Request Recieved for amount:  552415 {"user":"Payment Request Recieved for amount:  552415","metadata":{"emulator":{"name":"functions"},"function":{"name":"api"},"message":"\u001b[90m> \u001b[39m Payment Request Recieved for amount:  552415"}}
[info] i  functions: Finished "api" in ~1s {"metadata":{"emulator":{"name":"functions"},"function":{"name":"api"},"message":"Finished \"api\" in ~1s"}}
[debug] [2021-02-19T01:56:54.427Z] [worker-api-04a9e18c-f791-4aed-9f1a-4f9c1e1cbe23]: IDLE {"metadata":{"emulator":{"name":"functions"},"message":"[worker-api-04a9e18c-f791-4aed-9f1a-4f9c1e1cbe23]: IDLE"}}
[debug] [2021-02-19T01:56:54.427Z] [work-queue] {"queueLength":0,"workRunningCount":0}
[debug] [2021-02-19T02:00:46.603Z] [work-queue] {"queueLength":1,"workRunningCount":0}
[debug] [2021-02-19T02:00:46.603Z] [work-queue] {"queueLength":0,"workRunningCount":1}
[debug] [2021-02-19T02:00:46.604Z] Accepted request POST /i-comm/us-central1/api/payments/create?total=2999 --> api
[debug] [2021-02-19T02:00:46.604Z] [worker-pool] submitWork(triggerId=api) {"metadata":{"emulator":{"name":"functions"},"message":"[worker-pool] submitWork(triggerId=api)"}}
[debug] [2021-02-19T02:00:46.604Z] [worker-api-04a9e18c-f791-4aed-9f1a-4f9c1e1cbe23]: Assigning socketPath: /var/folders/qx/gbzs7j7137b7x4rz5d9pd1bw0000gn/T/fire_emu_68663.sock {"metadata":{"emulator":{"name":"functions"},"message":"[worker-api-04a9e18c-f791-4aed-9f1a-4f9c1e1cbe23]: Assigning socketPath: /var/folders/qx/gbzs7j7137b7x4rz5d9pd1bw0000gn/T/fire_emu_68663.sock"}}
[debug] [2021-02-19T02:00:46.604Z] [worker-api-04a9e18c-f791-4aed-9f1a-4f9c1e1cbe23]: BUSY {"metadata":{"emulator":{"name":"functions"},"message":"[worker-api-04a9e18c-f791-4aed-9f1a-4f9c1e1cbe23]: BUSY"}}
[debug] [2021-02-19T02:00:46.608Z] [runtime-status] [68663] Trigger "api" has been found, beginning invocation! {"metadata":{"emulator":{"name":"functions"},"function":{"name":"api"},"message":"[runtime-status] [68663] Trigger \"api\" has been found, beginning invocation!"}}
[info] i  functions: Beginning execution of "api" {"metadata":{"emulator":{"name":"functions"},"function":{"name":"api"},"message":"Beginning execution of \"api\""}}
[debug] [2021-02-19T02:00:46.608Z] [runtime-status] [68663] triggerDefinition {"httpsTrigger":{},"name":"api","entryPoint":"api"} {"metadata":{"emulator":{"name":"functions"},"function":{"name":"api"},"message":"[runtime-status] [68663] triggerDefinition {\"httpsTrigger\":{},\"name\":\"api\",\"entryPoint\":\"api\"}"}}
[debug] [2021-02-19T02:00:46.608Z] [runtime-status] [68663] Running api in mode HTTPS {"metadata":{"emulator":{"name":"functions"},"function":{"name":"api"},"message":"[runtime-status] [68663] Running api in mode HTTPS"}}
[debug] [2021-02-19T02:00:46.609Z] [runtime-status] [68663] Attempting to listen to socketPath: /var/folders/qx/gbzs7j7137b7x4rz5d9pd1bw0000gn/T/fire_emu_68663.sock {"metadata":{"emulator":{"name":"functions"},"function":{"name":"api"},"message":"[runtime-status] [68663] Attempting to listen to socketPath: /var/folders/qx/gbzs7j7137b7x4rz5d9pd1bw0000gn/T/fire_emu_68663.sock"}}
[debug] [2021-02-19T02:00:46.610Z] [functions] Runtime ready! Sending request! {"metadata":{"emulator":{"name":"functions"},"message":"[functions] Runtime ready! Sending request!"}}
[debug] [2021-02-19T02:00:46.610Z] [functions] Got req.url=/i-comm/us-central1/api/payments/create?total=2999, mapping to path=/payments/create?total=2999 {"metadata":{"emulator":{"name":"functions"},"message":"[functions] Got req.url=/i-comm/us-central1/api/payments/create?total=2999, mapping to path=/payments/create?total=2999"}}
[debug] [2021-02-19T02:00:46.620Z] [runtime-status] [68663] Ephemeral server handling POST request {"metadata":{"emulator":{"name":"functions"},"function":{"name":"api"},"message":"[runtime-status] [68663] Ephemeral server handling POST request"}}
[debug] [2021-02-19T02:00:46.620Z] [runtime-status] [68663] Ephemeral server survived. {"metadata":{"emulator":{"name":"functions"},"function":{"name":"api"},"message":"[runtime-status] [68663] Ephemeral server survived."}}
[info] >  Payment Request Recieved for amount:  2999 {"user":"Payment Request Recieved for amount:  2999","metadata":{"emulator":{"name":"functions"},"function":{"name":"api"},"message":"\u001b[90m> \u001b[39m Payment Request Recieved for amount:  2999"}}
[info] i  functions: Finished "api" in ~1s {"metadata":{"emulator":{"name":"functions"},"function":{"name":"api"},"message":"Finished \"api\" in ~1s"}}
[debug] [2021-02-19T02:00:47.342Z] [worker-api-04a9e18c-f791-4aed-9f1a-4f9c1e1cbe23]: IDLE {"metadata":{"emulator":{"name":"functions"},"message":"[worker-api-04a9e18c-f791-4aed-9f1a-4f9c1e1cbe23]: IDLE"}}
[debug] [2021-02-19T02:00:47.342Z] [work-queue] {"queueLength":0,"workRunningCount":0}
[debug] [2021-02-19T02:01:26.165Z] [work-queue] {"queueLength":1,"workRunningCount":0}
[debug] [2021-02-19T02:01:26.165Z] [work-queue] {"queueLength":0,"workRunningCount":1}
[debug] [2021-02-19T02:01:26.165Z] Accepted request POST /i-comm/us-central1/api/payments/create?total=2999 --> api
[debug] [2021-02-19T02:01:26.166Z] [worker-pool] submitWork(triggerId=api) {"metadata":{"emulator":{"name":"functions"},"message":"[worker-pool] submitWork(triggerId=api)"}}
[debug] [2021-02-19T02:01:26.166Z] [worker-api-04a9e18c-f791-4aed-9f1a-4f9c1e1cbe23]: Assigning socketPath: /var/folders/qx/gbzs7j7137b7x4rz5d9pd1bw0000gn/T/fire_emu_68663.sock {"metadata":{"emulator":{"name":"functions"},"message":"[worker-api-04a9e18c-f791-4aed-9f1a-4f9c1e1cbe23]: Assigning socketPath: /var/folders/qx/gbzs7j7137b7x4rz5d9pd1bw0000gn/T/fire_emu_68663.sock"}}
[debug] [2021-02-19T02:01:26.166Z] [worker-api-04a9e18c-f791-4aed-9f1a-4f9c1e1cbe23]: BUSY {"metadata":{"emulator":{"name":"functions"},"message":"[worker-api-04a9e18c-f791-4aed-9f1a-4f9c1e1cbe23]: BUSY"}}
[debug] [2021-02-19T02:01:26.172Z] [runtime-status] [68663] Trigger "api" has been found, beginning invocation! {"metadata":{"emulator":{"name":"functions"},"function":{"name":"api"},"message":"[runtime-status] [68663] Trigger \"api\" has been found, beginning invocation!"}}
[info] i  functions: Beginning execution of "api" {"metadata":{"emulator":{"name":"functions"},"function":{"name":"api"},"message":"Beginning execution of \"api\""}}
[debug] [2021-02-19T02:01:26.172Z] [runtime-status] [68663] triggerDefinition {"httpsTrigger":{},"name":"api","entryPoint":"api"} {"metadata":{"emulator":{"name":"functions"},"function":{"name":"api"},"message":"[runtime-status] [68663] triggerDefinition {\"httpsTrigger\":{},\"name\":\"api\",\"entryPoint\":\"api\"}"}}
[debug] [2021-02-19T02:01:26.173Z] [runtime-status] [68663] Running api in mode HTTPS {"metadata":{"emulator":{"name":"functions"},"function":{"name":"api"},"message":"[runtime-status] [68663] Running api in mode HTTPS"}}
[debug] [2021-02-19T02:01:26.173Z] [runtime-status] [68663] Attempting to listen to socketPath: /var/folders/qx/gbzs7j7137b7x4rz5d9pd1bw0000gn/T/fire_emu_68663.sock {"metadata":{"emulator":{"name":"functions"},"function":{"name":"api"},"message":"[runtime-status] [68663] Attempting to listen to socketPath: /var/folders/qx/gbzs7j7137b7x4rz5d9pd1bw0000gn/T/fire_emu_68663.sock"}}
[debug] [2021-02-19T02:01:26.174Z] [functions] Runtime ready! Sending request! {"metadata":{"emulator":{"name":"functions"},"message":"[functions] Runtime ready! Sending request!"}}
[debug] [2021-02-19T02:01:26.174Z] [functions] Got req.url=/i-comm/us-central1/api/payments/create?total=2999, mapping to path=/payments/create?total=2999 {"metadata":{"emulator":{"name":"functions"},"message":"[functions] Got req.url=/i-comm/us-central1/api/payments/create?total=2999, mapping to path=/payments/create?total=2999"}}
[debug] [2021-02-19T02:01:26.188Z] [runtime-status] [68663] Ephemeral server handling POST request {"metadata":{"emulator":{"name":"functions"},"function":{"name":"api"},"message":"[runtime-status] [68663] Ephemeral server handling POST request"}}
[debug] [2021-02-19T02:01:26.189Z] [runtime-status] [68663] Ephemeral server survived. {"metadata":{"emulator":{"name":"functions"},"function":{"name":"api"},"message":"[runtime-status] [68663] Ephemeral server survived."}}
[info] >  Payment Request Recieved for amount:  2999 {"user":"Payment Request Recieved for amount:  2999","metadata":{"emulator":{"name":"functions"},"function":{"name":"api"},"message":"\u001b[90m> \u001b[39m Payment Request Recieved for amount:  2999"}}
[info] i  functions: Finished "api" in ~1s {"metadata":{"emulator":{"name":"functions"},"function":{"name":"api"},"message":"Finished \"api\" in ~1s"}}
[debug] [2021-02-19T02:01:26.621Z] [worker-api-04a9e18c-f791-4aed-9f1a-4f9c1e1cbe23]: IDLE {"metadata":{"emulator":{"name":"functions"},"message":"[worker-api-04a9e18c-f791-4aed-9f1a-4f9c1e1cbe23]: IDLE"}}
[debug] [2021-02-19T02:01:26.621Z] [work-queue] {"queueLength":0,"workRunningCount":0}
[debug] [2021-02-19T02:01:57.098Z] [work-queue] {"queueLength":1,"workRunningCount":0}
[debug] [2021-02-19T02:01:57.098Z] [work-queue] {"queueLength":0,"workRunningCount":1}
[debug] [2021-02-19T02:01:57.098Z] Accepted request POST /i-comm/us-central1/api/payments/create?total=2999 --> api
[debug] [2021-02-19T02:01:57.098Z] [worker-pool] submitWork(triggerId=api) {"metadata":{"emulator":{"name":"functions"},"message":"[worker-pool] submitWork(triggerId=api)"}}
[debug] [2021-02-19T02:01:57.098Z] [worker-api-04a9e18c-f791-4aed-9f1a-4f9c1e1cbe23]: Assigning socketPath: /var/folders/qx/gbzs7j7137b7x4rz5d9pd1bw0000gn/T/fire_emu_68663.sock {"metadata":{"emulator":{"name":"functions"},"message":"[worker-api-04a9e18c-f791-4aed-9f1a-4f9c1e1cbe23]: Assigning socketPath: /var/folders/qx/gbzs7j7137b7x4rz5d9pd1bw0000gn/T/fire_emu_68663.sock"}}
[debug] [2021-02-19T02:01:57.098Z] [worker-api-04a9e18c-f791-4aed-9f1a-4f9c1e1cbe23]: BUSY {"metadata":{"emulator":{"name":"functions"},"message":"[worker-api-04a9e18c-f791-4aed-9f1a-4f9c1e1cbe23]: BUSY"}}
[debug] [2021-02-19T02:01:57.109Z] [runtime-status] [68663] Trigger "api" has been found, beginning invocation! {"metadata":{"emulator":{"name":"functions"},"function":{"name":"api"},"message":"[runtime-status] [68663] Trigger \"api\" has been found, beginning invocation!"}}
[info] i  functions: Beginning execution of "api" {"metadata":{"emulator":{"name":"functions"},"function":{"name":"api"},"message":"Beginning execution of \"api\""}}
[debug] [2021-02-19T02:01:57.110Z] [runtime-status] [68663] triggerDefinition {"httpsTrigger":{},"name":"api","entryPoint":"api"} {"metadata":{"emulator":{"name":"functions"},"function":{"name":"api"},"message":"[runtime-status] [68663] triggerDefinition {\"httpsTrigger\":{},\"name\":\"api\",\"entryPoint\":\"api\"}"}}
[debug] [2021-02-19T02:01:57.110Z] [runtime-status] [68663] Running api in mode HTTPS {"metadata":{"emulator":{"name":"functions"},"function":{"name":"api"},"message":"[runtime-status] [68663] Running api in mode HTTPS"}}
[debug] [2021-02-19T02:01:57.110Z] [runtime-status] [68663] Attempting to listen to socketPath: /var/folders/qx/gbzs7j7137b7x4rz5d9pd1bw0000gn/T/fire_emu_68663.sock {"metadata":{"emulator":{"name":"functions"},"function":{"name":"api"},"message":"[runtime-status] [68663] Attempting to listen to socketPath: /var/folders/qx/gbzs7j7137b7x4rz5d9pd1bw0000gn/T/fire_emu_68663.sock"}}
[debug] [2021-02-19T02:01:57.111Z] [functions] Runtime ready! Sending request! {"metadata":{"emulator":{"name":"functions"},"message":"[functions] Runtime ready! Sending request!"}}
[debug] [2021-02-19T02:01:57.111Z] [functions] Got req.url=/i-comm/us-central1/api/payments/create?total=2999, mapping to path=/payments/create?total=2999 {"metadata":{"emulator":{"name":"functions"},"message":"[functions] Got req.url=/i-comm/us-central1/api/payments/create?total=2999, mapping to path=/payments/create?total=2999"}}
[debug] [2021-02-19T02:01:57.122Z] [runtime-status] [68663] Ephemeral server handling POST request {"metadata":{"emulator":{"name":"functions"},"function":{"name":"api"},"message":"[runtime-status] [68663] Ephemeral server handling POST request"}}
[info] >  Payment Request Recieved for amount:  2999 {"user":"Payment Request Recieved for amount:  2999","metadata":{"emulator":{"name":"functions"},"function":{"name":"api"},"message":"\u001b[90m> \u001b[39m Payment Request Recieved for amount:  2999"}}
[debug] [2021-02-19T02:01:57.123Z] [runtime-status] [68663] Ephemeral server survived. {"metadata":{"emulator":{"name":"functions"},"function":{"name":"api"},"message":"[runtime-status] [68663] Ephemeral server survived."}}
[info] i  functions: Finished "api" in ~1s {"metadata":{"emulator":{"name":"functions"},"function":{"name":"api"},"message":"Finished \"api\" in ~1s"}}
[debug] [2021-02-19T02:01:57.590Z] [worker-api-04a9e18c-f791-4aed-9f1a-4f9c1e1cbe23]: IDLE {"metadata":{"emulator":{"name":"functions"},"message":"[worker-api-04a9e18c-f791-4aed-9f1a-4f9c1e1cbe23]: IDLE"}}
[debug] [2021-02-19T02:01:57.590Z] [work-queue] {"queueLength":0,"workRunningCount":0}
[debug] [2021-02-19T02:28:25.320Z] [work-queue] {"queueLength":1,"workRunningCount":0}
[debug] [2021-02-19T02:28:25.321Z] [work-queue] {"queueLength":0,"workRunningCount":1}
[debug] [2021-02-19T02:28:25.321Z] Accepted request POST /i-comm/us-central1/api/payments/create?total=190000 --> api
[debug] [2021-02-19T02:28:25.322Z] [worker-pool] submitWork(triggerId=api) {"metadata":{"emulator":{"name":"functions"},"message":"[worker-pool] submitWork(triggerId=api)"}}
[debug] [2021-02-19T02:28:25.322Z] [worker-api-04a9e18c-f791-4aed-9f1a-4f9c1e1cbe23]: Assigning socketPath: /var/folders/qx/gbzs7j7137b7x4rz5d9pd1bw0000gn/T/fire_emu_68663.sock {"metadata":{"emulator":{"name":"functions"},"message":"[worker-api-04a9e18c-f791-4aed-9f1a-4f9c1e1cbe23]: Assigning socketPath: /var/folders/qx/gbzs7j7137b7x4rz5d9pd1bw0000gn/T/fire_emu_68663.sock"}}
[debug] [2021-02-19T02:28:25.322Z] [worker-api-04a9e18c-f791-4aed-9f1a-4f9c1e1cbe23]: BUSY {"metadata":{"emulator":{"name":"functions"},"message":"[worker-api-04a9e18c-f791-4aed-9f1a-4f9c1e1cbe23]: BUSY"}}
[debug] [2021-02-19T02:28:25.331Z] [runtime-status] [68663] Trigger "api" has been found, beginning invocation! {"metadata":{"emulator":{"name":"functions"},"function":{"name":"api"},"message":"[runtime-status] [68663] Trigger \"api\" has been found, beginning invocation!"}}
[info] i  functions: Beginning execution of "api" {"metadata":{"emulator":{"name":"functions"},"function":{"name":"api"},"message":"Beginning execution of \"api\""}}
[debug] [2021-02-19T02:28:25.338Z] [runtime-status] [68663] triggerDefinition {"httpsTrigger":{},"name":"api","entryPoint":"api"} {"metadata":{"emulator":{"name":"functions"},"function":{"name":"api"},"message":"[runtime-status] [68663] triggerDefinition {\"httpsTrigger\":{},\"name\":\"api\",\"entryPoint\":\"api\"}"}}
[debug] [2021-02-19T02:28:25.338Z] [runtime-status] [68663] Running api in mode HTTPS {"metadata":{"emulator":{"name":"functions"},"function":{"name":"api"},"message":"[runtime-status] [68663] Running api in mode HTTPS"}}
[debug] [2021-02-19T02:28:25.341Z] [runtime-status] [68663] Attempting to listen to socketPath: /var/folders/qx/gbzs7j7137b7x4rz5d9pd1bw0000gn/T/fire_emu_68663.sock {"metadata":{"emulator":{"name":"functions"},"function":{"name":"api"},"message":"[runtime-status] [68663] Attempting to listen to socketPath: /var/folders/qx/gbzs7j7137b7x4rz5d9pd1bw0000gn/T/fire_emu_68663.sock"}}
[debug] [2021-02-19T02:28:25.346Z] [functions] Runtime ready! Sending request! {"metadata":{"emulator":{"name":"functions"},"message":"[functions] Runtime ready! Sending request!"}}
[debug] [2021-02-19T02:28:25.347Z] [functions] Got req.url=/i-comm/us-central1/api/payments/create?total=190000, mapping to path=/payments/create?total=190000 {"metadata":{"emulator":{"name":"functions"},"message":"[functions] Got req.url=/i-comm/us-central1/api/payments/create?total=190000, mapping to path=/payments/create?total=190000"}}
[debug] [2021-02-19T02:28:25.368Z] [runtime-status] [68663] Ephemeral server handling POST request {"metadata":{"emulator":{"name":"functions"},"function":{"name":"api"},"message":"[runtime-status] [68663] Ephemeral server handling POST request"}}
[debug] [2021-02-19T02:28:25.368Z] [runtime-status] [68663] Ephemeral server survived. {"metadata":{"emulator":{"name":"functions"},"function":{"name":"api"},"message":"[runtime-status] [68663] Ephemeral server survived."}}
[info] >  Payment Request Recieved for amount:  190000 {"user":"Payment Request Recieved for amount:  190000","metadata":{"emulator":{"name":"functions"},"function":{"name":"api"},"message":"\u001b[90m> \u001b[39m Payment Request Recieved for amount:  190000"}}
[info] i  functions: Finished "api" in ~1s {"metadata":{"emulator":{"name":"functions"},"function":{"name":"api"},"message":"Finished \"api\" in ~1s"}}
[debug] [2021-02-19T02:28:26.128Z] [worker-api-04a9e18c-f791-4aed-9f1a-4f9c1e1cbe23]: IDLE {"metadata":{"emulator":{"name":"functions"},"message":"[worker-api-04a9e18c-f791-4aed-9f1a-4f9c1e1cbe23]: IDLE"}}
[debug] [2021-02-19T02:28:26.128Z] [work-queue] {"queueLength":0,"workRunningCount":0}
[debug] [2021-02-19T02:30:34.258Z] [work-queue] {"queueLength":1,"workRunningCount":0}
[debug] [2021-02-19T02:30:34.259Z] [work-queue] {"queueLength":0,"workRunningCount":1}
[debug] [2021-02-19T02:30:34.259Z] Accepted request POST /i-comm/us-central1/api/payments/create?total=190000 --> api
[debug] [2021-02-19T02:30:34.259Z] [worker-pool] submitWork(triggerId=api) {"metadata":{"emulator":{"name":"functions"},"message":"[worker-pool] submitWork(triggerId=api)"}}
[debug] [2021-02-19T02:30:34.259Z] [worker-api-04a9e18c-f791-4aed-9f1a-4f9c1e1cbe23]: Assigning socketPath: /var/folders/qx/gbzs7j7137b7x4rz5d9pd1bw0000gn/T/fire_emu_68663.sock {"metadata":{"emulator":{"name":"functions"},"message":"[worker-api-04a9e18c-f791-4aed-9f1a-4f9c1e1cbe23]: Assigning socketPath: /var/folders/qx/gbzs7j7137b7x4rz5d9pd1bw0000gn/T/fire_emu_68663.sock"}}
[debug] [2021-02-19T02:30:34.259Z] [worker-api-04a9e18c-f791-4aed-9f1a-4f9c1e1cbe23]: BUSY {"metadata":{"emulator":{"name":"functions"},"message":"[worker-api-04a9e18c-f791-4aed-9f1a-4f9c1e1cbe23]: BUSY"}}
[debug] [2021-02-19T02:30:34.267Z] [runtime-status] [68663] Trigger "api" has been found, beginning invocation! {"metadata":{"emulator":{"name":"functions"},"function":{"name":"api"},"message":"[runtime-status] [68663] Trigger \"api\" has been found, beginning invocation!"}}
[info] i  functions: Beginning execution of "api" {"metadata":{"emulator":{"name":"functions"},"function":{"name":"api"},"message":"Beginning execution of \"api\""}}
[debug] [2021-02-19T02:30:34.267Z] [runtime-status] [68663] triggerDefinition {"httpsTrigger":{},"name":"api","entryPoint":"api"} {"metadata":{"emulator":{"name":"functions"},"function":{"name":"api"},"message":"[runtime-status] [68663] triggerDefinition {\"httpsTrigger\":{},\"name\":\"api\",\"entryPoint\":\"api\"}"}}
[debug] [2021-02-19T02:30:34.267Z] [runtime-status] [68663] Running api in mode HTTPS {"metadata":{"emulator":{"name":"functions"},"function":{"name":"api"},"message":"[runtime-status] [68663] Running api in mode HTTPS"}}
[debug] [2021-02-19T02:30:34.272Z] [runtime-status] [68663] Attempting to listen to socketPath: /var/folders/qx/gbzs7j7137b7x4rz5d9pd1bw0000gn/T/fire_emu_68663.sock {"metadata":{"emulator":{"name":"functions"},"function":{"name":"api"},"message":"[runtime-status] [68663] Attempting to listen to socketPath: /var/folders/qx/gbzs7j7137b7x4rz5d9pd1bw0000gn/T/fire_emu_68663.sock"}}
[debug] [2021-02-19T02:30:34.275Z] [functions] Runtime ready! Sending request! {"metadata":{"emulator":{"name":"functions"},"message":"[functions] Runtime ready! Sending request!"}}
[debug] [2021-02-19T02:30:34.276Z] [functions] Got req.url=/i-comm/us-central1/api/payments/create?total=190000, mapping to path=/payments/create?total=190000 {"metadata":{"emulator":{"name":"functions"},"message":"[functions] Got req.url=/i-comm/us-central1/api/payments/create?total=190000, mapping to path=/payments/create?total=190000"}}
[debug] [2021-02-19T02:30:34.290Z] [runtime-status] [68663] Ephemeral server handling POST request {"metadata":{"emulator":{"name":"functions"},"function":{"name":"api"},"message":"[runtime-status] [68663] Ephemeral server handling POST request"}}
[debug] [2021-02-19T02:30:34.290Z] [runtime-status] [68663] Ephemeral server survived. {"metadata":{"emulator":{"name":"functions"},"function":{"name":"api"},"message":"[runtime-status] [68663] Ephemeral server survived."}}
[info] >  Payment Request Recieved for amount:  190000 {"user":"Payment Request Recieved for amount:  190000","metadata":{"emulator":{"name":"functions"},"function":{"name":"api"},"message":"\u001b[90m> \u001b[39m Payment Request Recieved for amount:  190000"}}
[info] i  functions: Finished "api" in ~1s {"metadata":{"emulator":{"name":"functions"},"function":{"name":"api"},"message":"Finished \"api\" in ~1s"}}
[debug] [2021-02-19T02:30:35.397Z] [worker-api-04a9e18c-f791-4aed-9f1a-4f9c1e1cbe23]: IDLE {"metadata":{"emulator":{"name":"functions"},"message":"[worker-api-04a9e18c-f791-4aed-9f1a-4f9c1e1cbe23]: IDLE"}}
[debug] [2021-02-19T02:30:35.397Z] [work-queue] {"queueLength":0,"workRunningCount":0}
